<?xml version="1.0" encoding="utf-8"?><testsuites name="pytest tests"><testsuite name="pytest" errors="0" failures="0" skipped="0" tests="11" time="3.734" timestamp="2026-03-21T11:30:12.860433+00:00" hostname="agent-env-1bc01bad-0f4a-48cb-9466-e6cb25966a29"><testcase classname="backend.tests.test_golf_groups.TestGolfGroupsBackend" name="test_trip_planner_accepts_golf_groups_service" time="2.137" /><testcase classname="backend.tests.test_golf_groups.TestGolfGroupsBackend" name="test_trip_planner_accepts_group_type_society" time="0.148" /><testcase classname="backend.tests.test_golf_groups.TestGolfGroupsBackend" name="test_trip_planner_accepts_group_type_friends" time="0.154" /><testcase classname="backend.tests.test_golf_groups.TestGolfGroupsBackend" name="test_trip_planner_accepts_transfer_type_sedan" time="0.159" /><testcase classname="backend.tests.test_golf_groups.TestGolfGroupsBackend" name="test_trip_planner_accepts_transfer_type_minibus" time="0.145" /><testcase classname="backend.tests.test_golf_groups.TestGolfGroupsBackend" name="test_trip_planner_accepts_transfer_type_coach" time="0.162" /><testcase classname="backend.tests.test_golf_groups.TestGolfGroupsBackend" name="test_trip_planner_full_golf_groups_request" time="0.149" /><testcase classname="backend.tests.test_golf_groups.TestGolfGroupsBackend" name="test_trip_planner_golf_groups_without_optional_fields" time="0.117" /><testcase classname="backend.tests.test_golf_groups.TestTripPlannerEndpointHealth" name="test_trip_planner_endpoint_exists" time="0.150" /><testcase classname="backend.tests.test_golf_groups.TestTripPlannerEndpointHealth" name="test_all_partners_endpoint" time="0.228" /><testcase classname="backend.tests.test_golf_groups.TestTripPlannerEndpointHealth" name="test_golf_courses_endpoint" time="0.098" /></testsuite></testsuites>