<?xml version="1.0" encoding="utf-8"?><testsuites name="pytest tests"><testsuite name="pytest" errors="0" failures="0" skipped="0" tests="21" time="6.495" timestamp="2026-03-21T21:43:52.824882+00:00" hostname="agent-env-4e4ca0c6-2ca2-4f13-a8e1-7c7f0f2a35a1"><testcase classname="backend.tests.test_payment_endpoints.TestPaymentEndpoints" name="test_create_payment_request_success" time="0.235" /><testcase classname="backend.tests.test_payment_endpoints.TestPaymentEndpoints" name="test_create_payment_request_package_type" time="0.169" /><testcase classname="backend.tests.test_payment_endpoints.TestPaymentEndpoints" name="test_create_payment_request_gbp_currency" time="0.153" /><testcase classname="backend.tests.test_payment_endpoints.TestPaymentEndpoints" name="test_create_payment_request_invalid_amount_zero" time="0.106" /><testcase classname="backend.tests.test_payment_endpoints.TestPaymentEndpoints" name="test_create_payment_request_invalid_amount_negative" time="0.134" /><testcase classname="backend.tests.test_payment_endpoints.TestPaymentEndpoints" name="test_create_payment_request_missing_required_fields" time="0.105" /><testcase classname="backend.tests.test_payment_endpoints.TestPaymentEndpoints" name="test_create_payment_request_invalid_email" time="0.119" /><testcase classname="backend.tests.test_payment_endpoints.TestPaymentEndpoints" name="test_list_payments" time="0.257" /><testcase classname="backend.tests.test_payment_endpoints.TestPaymentEndpoints" name="test_list_payments_sorted_by_date" time="0.115" /><testcase classname="backend.tests.test_payment_endpoints.TestPaymentEndpoints" name="test_get_payment_details_success" time="0.324" /><testcase classname="backend.tests.test_payment_endpoints.TestPaymentEndpoints" name="test_get_payment_details_not_found" time="0.114" /><testcase classname="backend.tests.test_payment_endpoints.TestPaymentEndpoints" name="test_create_checkout_session_success" time="0.776" /><testcase classname="backend.tests.test_payment_endpoints.TestPaymentEndpoints" name="test_create_checkout_session_not_found" time="0.102" /><testcase classname="backend.tests.test_payment_endpoints.TestPaymentEndpoints" name="test_create_checkout_session_already_paid" time="0.000" /><testcase classname="backend.tests.test_payment_endpoints.TestPaymentEndpoints" name="test_get_payment_status_not_found" time="0.114" /><testcase classname="backend.tests.test_payment_endpoints.TestPaymentEndpoints" name="test_get_payment_status_after_checkout" time="0.930" /><testcase classname="backend.tests.test_payment_endpoints.TestPaymentEndpoints" name="test_delete_payment_request_success" time="0.312" /><testcase classname="backend.tests.test_payment_endpoints.TestPaymentEndpoints" name="test_delete_payment_request_not_found" time="0.110" /><testcase classname="backend.tests.test_payment_endpoints.TestPaymentEndpoints" name="test_full_payment_flow" time="2.017" /><testcase classname="backend.tests.test_payment_endpoints.TestExistingPayments" name="test_existing_payment_vh5xif0w" time="0.107" /><testcase classname="backend.tests.test_payment_endpoints.TestExistingPayments" name="test_existing_payment_clsl6u2p" time="0.114" /></testsuite></testsuites>