<?xml version="1.0" encoding="utf-8"?><testsuites name="pytest tests"><testsuite name="pytest" errors="0" failures="0" skipped="0" tests="23" time="7.265" timestamp="2026-03-21T22:21:08.484641+00:00" hostname="agent-env-4e4ca0c6-2ca2-4f13-a8e1-7c7f0f2a35a1"><testcase classname="backend.tests.test_payment_endpoints.TestPaymentEndpoints" name="test_create_payment_request_success" time="0.145" /><testcase classname="backend.tests.test_payment_endpoints.TestPaymentEndpoints" name="test_create_payment_request_package_type" time="0.531" /><testcase classname="backend.tests.test_payment_endpoints.TestPaymentEndpoints" name="test_create_payment_request_gbp_currency" time="0.115" /><testcase classname="backend.tests.test_payment_endpoints.TestPaymentEndpoints" name="test_create_payment_request_invalid_amount_zero" time="0.151" /><testcase classname="backend.tests.test_payment_endpoints.TestPaymentEndpoints" name="test_create_payment_request_invalid_amount_negative" time="0.111" /><testcase classname="backend.tests.test_payment_endpoints.TestPaymentEndpoints" name="test_create_payment_request_missing_required_fields" time="0.098" /><testcase classname="backend.tests.test_payment_endpoints.TestPaymentEndpoints" name="test_create_payment_request_invalid_email" time="0.112" /><testcase classname="backend.tests.test_payment_endpoints.TestPaymentEndpoints" name="test_list_payments" time="0.232" /><testcase classname="backend.tests.test_payment_endpoints.TestPaymentEndpoints" name="test_list_payments_sorted_by_date" time="0.097" /><testcase classname="backend.tests.test_payment_endpoints.TestPaymentEndpoints" name="test_get_payment_details_success" time="0.215" /><testcase classname="backend.tests.test_payment_endpoints.TestPaymentEndpoints" name="test_get_payment_details_not_found" time="0.100" /><testcase classname="backend.tests.test_payment_endpoints.TestPaymentEndpoints" name="test_create_checkout_session_success" time="0.841" /><testcase classname="backend.tests.test_payment_endpoints.TestPaymentEndpoints" name="test_create_checkout_session_not_found" time="0.103" /><testcase classname="backend.tests.test_payment_endpoints.TestPaymentEndpoints" name="test_create_checkout_session_already_paid" time="0.000" /><testcase classname="backend.tests.test_payment_endpoints.TestPaymentEndpoints" name="test_get_payment_status_not_found" time="0.111" /><testcase classname="backend.tests.test_payment_endpoints.TestPaymentEndpoints" name="test_get_payment_status_after_checkout" time="0.908" /><testcase classname="backend.tests.test_payment_endpoints.TestPaymentEndpoints" name="test_delete_payment_request_success" time="0.315" /><testcase classname="backend.tests.test_payment_endpoints.TestPaymentEndpoints" name="test_delete_payment_request_not_found" time="0.135" /><testcase classname="backend.tests.test_payment_endpoints.TestPaymentEndpoints" name="test_full_payment_flow" time="2.196" /><testcase classname="backend.tests.test_payment_endpoints.TestPaymentStats" name="test_get_payment_stats" time="0.102" /><testcase classname="backend.tests.test_payment_endpoints.TestPaymentStats" name="test_payment_stats_consistency" time="0.224" /><testcase classname="backend.tests.test_payment_endpoints.TestExistingPayments" name="test_existing_payment_vh5xif0w" time="0.094" /><testcase classname="backend.tests.test_payment_endpoints.TestExistingPayments" name="test_existing_payment_clsl6u2p" time="0.132" /></testsuite></testsuites>