<?xml version="1.0" encoding="utf-8"?><testsuites name="pytest tests"><testsuite name="pytest" errors="0" failures="0" skipped="0" tests="19" time="2.585" timestamp="2026-03-19T15:35:11.269888+00:00" hostname="agent-env-0d1383dd-19a1-46ab-b30c-bde174e31746"><testcase classname="backend.tests.test_partner_images.TestHotelsImages" name="test_hotels_endpoint_returns_data" time="0.268" /><testcase classname="backend.tests.test_partner_images.TestHotelsImages" name="test_hotels_count" time="0.112" /><testcase classname="backend.tests.test_partner_images.TestHotelsImages" name="test_no_pexels_urls_in_hotels" time="0.101" /><testcase classname="backend.tests.test_partner_images.TestHotelsImages" name="test_hotels_have_valid_images" time="0.138" /><testcase classname="backend.tests.test_partner_images.TestRestaurantsImages" name="test_restaurants_endpoint_returns_data" time="0.128" /><testcase classname="backend.tests.test_partner_images.TestRestaurantsImages" name="test_restaurants_count" time="0.132" /><testcase classname="backend.tests.test_partner_images.TestRestaurantsImages" name="test_no_pexels_urls_in_restaurants" time="0.126" /><testcase classname="backend.tests.test_partner_images.TestRestaurantsImages" name="test_restaurants_have_valid_images" time="0.125" /><testcase classname="backend.tests.test_partner_images.TestCafeBarsImages" name="test_cafe_bars_endpoint_returns_data" time="0.101" /><testcase classname="backend.tests.test_partner_images.TestCafeBarsImages" name="test_cafe_bars_count" time="0.120" /><testcase classname="backend.tests.test_partner_images.TestCafeBarsImages" name="test_no_pexels_urls_in_cafe_bars" time="0.114" /><testcase classname="backend.tests.test_partner_images.TestCafeBarsImages" name="test_cafe_bars_have_valid_images" time="0.117" /><testcase classname="backend.tests.test_partner_images.TestBeachClubsImages" name="test_beach_clubs_endpoint_returns_data" time="0.111" /><testcase classname="backend.tests.test_partner_images.TestBeachClubsImages" name="test_beach_clubs_count" time="0.120" /><testcase classname="backend.tests.test_partner_images.TestBeachClubsImages" name="test_no_pexels_urls_in_beach_clubs" time="0.105" /><testcase classname="backend.tests.test_partner_images.TestBeachClubsImages" name="test_beach_clubs_have_valid_images" time="0.121" /><testcase classname="backend.tests.test_partner_images.TestAllPartnersEndpoint" name="test_all_partners_endpoint" time="0.155" /><testcase classname="backend.tests.test_partner_images.TestAllPartnersEndpoint" name="test_no_pexels_in_all_partners" time="0.153" /><testcase classname="backend.tests.test_partner_images.TestImageSourceAnalysis" name="test_image_sources_summary" time="0.156" /></testsuite></testsuites>