<?xml version="1.0" encoding="utf-8"?><testsuites name="pytest tests"><testsuite name="pytest" errors="0" failures="0" skipped="0" tests="15" time="2.152" timestamp="2026-03-20T22:23:00.114491+00:00" hostname="agent-env-4e4381a0-48b3-4b3d-8e9e-8d9f0915d502"><testcase classname="backend.tests.test_golf_pairing_and_share.TestGolfCoursesAPI" name="test_get_all_golf_courses_returns_list" time="0.199" /><testcase classname="backend.tests.test_golf_pairing_and_share.TestGolfCoursesAPI" name="test_golf_course_has_booking_url" time="0.112" /><testcase classname="backend.tests.test_golf_pairing_and_share.TestGolfCoursesAPI" name="test_golf_course_has_holes_par_price" time="0.111" /><testcase classname="backend.tests.test_golf_pairing_and_share.TestGolfCoursesAPI" name="test_golf_course_has_image" time="0.109" /><testcase classname="backend.tests.test_golf_pairing_and_share.TestGolfCoursesAPI" name="test_real_golf_bendinat_exists" time="0.111" /><testcase classname="backend.tests.test_golf_pairing_and_share.TestGolfCoursesAPI" name="test_son_vida_golf_exists" time="0.103" /><testcase classname="backend.tests.test_golf_pairing_and_share.TestGolfCoursesAPI" name="test_son_antem_golf_exists" time="0.112" /><testcase classname="backend.tests.test_golf_pairing_and_share.TestHotelsWithGolfPairing" name="test_all_partners_returns_hotels" time="0.179" /><testcase classname="backend.tests.test_golf_pairing_and_share.TestHotelsWithGolfPairing" name="test_hotels_have_nearest_golf_field" time="0.158" /><testcase classname="backend.tests.test_golf_pairing_and_share.TestHotelsWithGolfPairing" name="test_hotels_have_distance_km_field" time="0.124" /><testcase classname="backend.tests.test_golf_pairing_and_share.TestHotelsWithGolfPairing" name="test_st_regis_has_bendinat_golf" time="0.132" /><testcase classname="backend.tests.test_golf_pairing_and_share.TestHotelsWithGolfPairing" name="test_golf_course_name_matching" time="0.241" /><testcase classname="backend.tests.test_golf_pairing_and_share.TestTripPlannerWithGolfData" name="test_trip_planner_accepts_hotel_service" time="0.116" /><testcase classname="backend.tests.test_golf_pairing_and_share.TestTripPlannerWithGolfData" name="test_trip_planner_hotel_with_restaurant" time="0.157" /><testcase classname="backend.tests.test_golf_pairing_and_share.TestShareTripTextGeneration" name="test_trip_planner_accepts_all_services_for_share" time="0.121" /></testsuite></testsuites>