<?xml version="1.0" encoding="utf-8"?><testsuites name="pytest tests"><testsuite name="pytest" errors="0" failures="0" skipped="0" tests="17" time="2.433" timestamp="2026-03-30T12:22:22.596508+00:00" hostname="agent-env-046214ef-f093-4540-bff4-62333e466dea"><testcase classname="tests.test_hotels_update.TestAllPartnersEndpoint" name="test_all_partners_returns_200" time="0.192" /><testcase classname="tests.test_hotels_update.TestAllPartnersEndpoint" name="test_all_partners_returns_59_hotels" time="0.141" /><testcase classname="tests.test_hotels_update.TestAllPartnersEndpoint" name="test_all_21_new_hotels_present" time="0.144" /><testcase classname="tests.test_hotels_update.TestNewHotelsHaveOfferPrice" name="test_new_hotels_have_offer_price" time="0.130" /><testcase classname="tests.test_hotels_update.TestNewHotelsHaveOfferPrice" name="test_new_hotels_no_discount_percent" time="0.138" /><testcase classname="tests.test_hotels_update.TestNewHotelsHaveOfferPrice" name="test_new_hotels_no_original_price" time="0.135" /><testcase classname="tests.test_hotels_update.TestNewHotelsHaveCategoryRegion" name="test_new_hotels_have_category" time="0.147" /><testcase classname="tests.test_hotels_update.TestNewHotelsHaveCategoryRegion" name="test_new_hotels_have_region" time="0.140" /><testcase classname="tests.test_hotels_update.TestNewHotelsHaveDeal" name="test_new_hotels_have_deal" time="0.126" /><testcase classname="tests.test_hotels_update.TestNewHotelsHaveDeal" name="test_deal_is_multilang_dict" time="0.136" /><testcase classname="tests.test_hotels_update.TestNewHotelsHaveUniqueImages" name="test_new_hotels_have_images" time="0.130" /><testcase classname="tests.test_hotels_update.TestNewHotelsHaveUniqueImages" name="test_new_hotels_unique_images" time="0.130" /><testcase classname="tests.test_hotels_update.TestNewHotelsHaveUniqueImages" name="test_images_are_real_urls" time="0.149" /><testcase classname="tests.test_hotels_update.TestOldHotelsStillHaveDiscountBadges" name="test_old_hotels_have_discount_percent" time="0.166" /><testcase classname="tests.test_hotels_update.TestOldHotelsStillHaveDiscountBadges" name="test_old_hotels_count_is_38" time="0.133" /><testcase classname="tests.test_hotels_update.TestHotelsEndpoint" name="test_hotels_endpoint_returns_200" time="0.122" /><testcase classname="tests.test_hotels_update.TestHotelsEndpoint" name="test_hotels_endpoint_returns_59" time="0.111" /></testsuite></testsuites>