<?xml version="1.0" encoding="utf-8"?><testsuites name="pytest tests"><testsuite name="pytest" errors="0" failures="0" skipped="0" tests="16" time="2.664" timestamp="2026-03-20T20:55:15.908579+00:00" hostname="agent-env-4e4381a0-48b3-4b3d-8e9e-8d9f0915d502"><testcase classname="backend.tests.test_trip_planner_bugfixes.TestTransferOnlyService" name="test_transfer_only_request" time="0.186" /><testcase classname="backend.tests.test_trip_planner_bugfixes.TestTransferOnlyService" name="test_transfer_only_with_budget" time="0.118" /><testcase classname="backend.tests.test_trip_planner_bugfixes.TestTransferOnlyService" name="test_transfer_with_other_services" time="0.123" /><testcase classname="backend.tests.test_trip_planner_bugfixes.TestDateRangeSupport" name="test_arrival_and_departure_dates" time="0.209" /><testcase classname="backend.tests.test_trip_planner_bugfixes.TestDateRangeSupport" name="test_departure_date_persisted" time="0.374" /><testcase classname="backend.tests.test_trip_planner_bugfixes.TestDateRangeSupport" name="test_departure_date_optional" time="0.171" /><testcase classname="backend.tests.test_trip_planner_bugfixes.TestAllServiceCombinations" name="test_hotel_only" time="0.123" /><testcase classname="backend.tests.test_trip_planner_bugfixes.TestAllServiceCombinations" name="test_restaurant_only" time="0.155" /><testcase classname="backend.tests.test_trip_planner_bugfixes.TestAllServiceCombinations" name="test_beach_club_only" time="0.132" /><testcase classname="backend.tests.test_trip_planner_bugfixes.TestAllServiceCombinations" name="test_transfer_only" time="0.112" /><testcase classname="backend.tests.test_trip_planner_bugfixes.TestAllServiceCombinations" name="test_all_four_services" time="0.112" /><testcase classname="backend.tests.test_trip_planner_bugfixes.TestAllServiceCombinations" name="test_hotel_and_transfer" time="0.173" /><testcase classname="backend.tests.test_trip_planner_bugfixes.TestAllServiceCombinations" name="test_restaurant_and_beach_club" time="0.104" /><testcase classname="backend.tests.test_trip_planner_bugfixes.TestBudgetOptions" name="test_moderate_budget" time="0.168" /><testcase classname="backend.tests.test_trip_planner_bugfixes.TestBudgetOptions" name="test_premium_budget" time="0.238" /><testcase classname="backend.tests.test_trip_planner_bugfixes.TestBudgetOptions" name="test_luxury_budget" time="0.104" /></testsuite></testsuites>