<?xml version="1.0" encoding="utf-8"?><testsuites name="pytest tests"><testsuite name="pytest" errors="0" failures="0" skipped="0" tests="11" time="1.972" timestamp="2026-03-20T22:08:01.690063+00:00" hostname="agent-env-4e4381a0-48b3-4b3d-8e9e-8d9f0915d502"><testcase classname="backend.tests.test_trip_planner_schedule.TestTripPlannerScheduleFeature" name="test_schedule_field_accepted_with_transfer_only" time="0.220" /><testcase classname="backend.tests.test_trip_planner_schedule.TestTripPlannerScheduleFeature" name="test_schedule_field_accepted_with_restaurant_only" time="0.181" /><testcase classname="backend.tests.test_trip_planner_schedule.TestTripPlannerScheduleFeature" name="test_schedule_field_accepted_with_beach_club_only" time="0.138" /><testcase classname="backend.tests.test_trip_planner_schedule.TestTripPlannerScheduleFeature" name="test_schedule_field_accepted_with_all_four_services" time="0.169" /><testcase classname="backend.tests.test_trip_planner_schedule.TestTripPlannerScheduleFeature" name="test_schedule_field_optional" time="0.143" /><testcase classname="backend.tests.test_trip_planner_schedule.TestTripPlannerScheduleFeature" name="test_schedule_field_empty_dict" time="0.171" /><testcase classname="backend.tests.test_trip_planner_schedule.TestTripPlannerScheduleFeature" name="test_schedule_with_early_morning_times" time="0.151" /><testcase classname="backend.tests.test_trip_planner_schedule.TestTripPlannerScheduleFeature" name="test_schedule_with_late_evening_times" time="0.194" /><testcase classname="backend.tests.test_trip_planner_schedule.TestTripPlannerScheduleFeature" name="test_schedule_partial_entries" time="0.162" /><testcase classname="backend.tests.test_trip_planner_schedule.TestTripPlannerScheduleFeature" name="test_legacy_time_field_still_works" time="0.180" /><testcase classname="backend.tests.test_trip_planner_schedule.TestScheduleDataPersistence" name="test_schedule_data_persisted_and_retrievable" time="0.151" /></testsuite></testsuites>