<?xml version="1.0" encoding="utf-8"?><testsuites name="pytest tests"><testsuite name="pytest" errors="0" failures="0" skipped="0" tests="15" time="2.040" timestamp="2026-03-24T10:49:01.145861+00:00" hostname="agent-env-5d1fe3ed-29ce-4c0d-8b1a-2826ebdb5bad"><testcase classname="backend.tests.test_booking_request.TestBookingRequestEndpoint" name="test_booking_request_valid_submission" time="0.223" /><testcase classname="backend.tests.test_booking_request.TestBookingRequestEndpoint" name="test_booking_request_beach_club" time="0.181" /><testcase classname="backend.tests.test_booking_request.TestBookingRequestEndpoint" name="test_booking_request_missing_guest_name" time="0.206" /><testcase classname="backend.tests.test_booking_request.TestBookingRequestEndpoint" name="test_booking_request_missing_guest_email" time="0.128" /><testcase classname="backend.tests.test_booking_request.TestBookingRequestEndpoint" name="test_booking_request_missing_guest_phone" time="0.103" /><testcase classname="backend.tests.test_booking_request.TestBookingRequestEndpoint" name="test_booking_request_missing_date" time="0.135" /><testcase classname="backend.tests.test_booking_request.TestBookingRequestEndpoint" name="test_booking_request_missing_time" time="0.120" /><testcase classname="backend.tests.test_booking_request.TestBookingRequestEndpoint" name="test_booking_request_missing_venue_name" time="0.106" /><testcase classname="backend.tests.test_booking_request.TestBookingRequestEndpoint" name="test_booking_request_missing_venue_type" time="0.094" /><testcase classname="backend.tests.test_booking_request.TestBookingRequestEndpoint" name="test_booking_request_invalid_email" time="0.111" /><testcase classname="backend.tests.test_booking_request.TestBookingRequestEndpoint" name="test_booking_request_optional_fields_empty" time="0.095" /><testcase classname="backend.tests.test_booking_request.TestBookingRequestPersistence" name="test_booking_stored_in_database" time="0.149" /><testcase classname="backend.tests.test_booking_request.TestHealthAndBasicEndpoints" name="test_api_root" time="0.104" /><testcase classname="backend.tests.test_booking_request.TestHealthAndBasicEndpoints" name="test_restaurants_endpoint" time="0.113" /><testcase classname="backend.tests.test_booking_request.TestHealthAndBasicEndpoints" name="test_beach_clubs_endpoint" time="0.106" /></testsuite></testsuites>