<?xml version="1.0" encoding="utf-8"?><testsuites name="pytest tests"><testsuite name="pytest" errors="0" failures="0" skipped="0" tests="17" time="2.733" timestamp="2026-03-23T14:55:24.155365+00:00" hostname="agent-env-5d1fe3ed-29ce-4c0d-8b1a-2826ebdb5bad"><testcase classname="backend.tests.test_bug_fixes_iteration26.TestDisplaySettings" name="test_get_display_settings_returns_correct_format" time="0.166" /><testcase classname="backend.tests.test_bug_fixes_iteration26.TestDisplaySettings" name="test_post_display_settings_saves_correctly" time="0.209" /><testcase classname="backend.tests.test_bug_fixes_iteration26.TestHotelToggle" name="test_toggle_hotel_inactive" time="0.134" /><testcase classname="backend.tests.test_bug_fixes_iteration26.TestHotelToggle" name="test_toggle_hotel_active" time="0.129" /><testcase classname="backend.tests.test_bug_fixes_iteration26.TestHotelToggle" name="test_inactive_hotel_excluded_from_default_list" time="0.341" /><testcase classname="backend.tests.test_bug_fixes_iteration26.TestHotelToggle" name="test_inactive_hotel_included_with_flag" time="0.365" /><testcase classname="backend.tests.test_bug_fixes_iteration26.TestStRegisImage" name="test_st_regis_has_valid_image" time="0.105" /><testcase classname="backend.tests.test_bug_fixes_iteration26.TestPartnerEndpoints" name="test_golf_courses_returns_data" time="0.136" /><testcase classname="backend.tests.test_bug_fixes_iteration26.TestPartnerEndpoints" name="test_hotels_returns_data" time="0.122" /><testcase classname="backend.tests.test_bug_fixes_iteration26.TestPartnerEndpoints" name="test_restaurants_returns_data" time="0.145" /><testcase classname="backend.tests.test_bug_fixes_iteration26.TestPartnerEndpoints" name="test_beach_clubs_returns_data" time="0.107" /><testcase classname="backend.tests.test_bug_fixes_iteration26.TestPartnerEndpoints" name="test_cafe_bars_returns_data" time="0.109" /><testcase classname="backend.tests.test_bug_fixes_iteration26.TestPartnerEndpoints" name="test_all_partners_returns_grouped_data" time="0.133" /><testcase classname="backend.tests.test_bug_fixes_iteration26.TestNoExampleComImages" name="test_no_example_com_in_hotels" time="0.123" /><testcase classname="backend.tests.test_bug_fixes_iteration26.TestNoExampleComImages" name="test_no_example_com_in_golf_courses" time="0.111" /><testcase classname="backend.tests.test_bug_fixes_iteration26.TestAPIHealth" name="test_api_root" time="0.106" /><testcase classname="backend.tests.test_bug_fixes_iteration26.TestAPIHealth" name="test_search_endpoint" time="0.110" /></testsuite></testsuites>