<?xml version="1.0" encoding="utf-8"?><testsuites name="pytest tests"><testsuite name="pytest" errors="0" failures="0" skipped="0" tests="12" time="4.323" timestamp="2026-03-21T21:19:28.529939+00:00" hostname="agent-env-4e4ca0c6-2ca2-4f13-a8e1-7c7f0f2a35a1"><testcase classname="backend.tests.test_image_upload_feature.TestImageUploadEndpoint" name="test_upload_jpeg_image" time="1.450" /><testcase classname="backend.tests.test_image_upload_feature.TestImageUploadEndpoint" name="test_upload_png_image" time="0.229" /><testcase classname="backend.tests.test_image_upload_feature.TestImageUploadEndpoint" name="test_upload_rejects_invalid_file_type" time="0.107" /><testcase classname="backend.tests.test_image_upload_feature.TestImageServingEndpoint" name="test_serve_uploaded_image" time="0.447" /><testcase classname="backend.tests.test_image_upload_feature.TestImageServingEndpoint" name="test_serve_nonexistent_image_returns_error" time="0.443" /><testcase classname="backend.tests.test_image_upload_feature.TestPartnerImageUpdateEndpoint" name="test_update_partner_image_golf_course" time="0.111" /><testcase classname="backend.tests.test_image_upload_feature.TestPartnerImageUpdateEndpoint" name="test_update_partner_image_hotel" time="0.236" /><testcase classname="backend.tests.test_image_upload_feature.TestPartnerImageUpdateEndpoint" name="test_update_partner_image_missing_url" time="0.107" /><testcase classname="backend.tests.test_image_upload_feature.TestPartnerImageUpdateEndpoint" name="test_update_nonexistent_partner_creates_override" time="0.115" /><testcase classname="backend.tests.test_image_upload_feature.TestAllPartnersEndpoint" name="test_all_partners_returns_all_categories" time="0.214" /><testcase classname="backend.tests.test_image_upload_feature.TestAllPartnersEndpoint" name="test_all_partners_items_have_required_fields" time="0.123" /><testcase classname="backend.tests.test_image_upload_feature.TestEndToEndImageUploadFlow" name="test_complete_image_upload_flow" time="0.671" /></testsuite></testsuites>