<?xml version="1.0" encoding="utf-8"?><testsuites name="pytest tests"><testsuite name="pytest" errors="0" failures="0" skipped="0" tests="28" time="3.251" timestamp="2026-03-18T10:53:09.331786+00:00" hostname="agent-env-4c2ad4ef-89b7-4f16-9777-04faddfa856c"><testcase classname="backend.tests.test_golf_courses.TestGolfCoursesAPI" name="test_get_golf_alcanada_returns_200" time="0.165" /><testcase classname="backend.tests.test_golf_courses.TestGolfCoursesAPI" name="test_get_golf_son_gual_returns_200" time="0.134" /><testcase classname="backend.tests.test_golf_courses.TestGolfCoursesAPI" name="test_get_pula_golf_resort_returns_200" time="0.138" /><testcase classname="backend.tests.test_golf_courses.TestGolfCoursesAPI" name="test_get_nonexistent_course_returns_404" time="0.107" /><testcase classname="backend.tests.test_golf_courses.TestGolfCoursesAPI" name="test_get_invalid_course_id_returns_404" time="0.104" /><testcase classname="backend.tests.test_golf_courses.TestGolfCoursesAPI" name="test_get_all_golf_courses_returns_list" time="0.107" /><testcase classname="backend.tests.test_golf_courses.TestGolfCoursesAPI" name="test_golf_course_has_required_fields" time="0.100" /><testcase classname="backend.tests.test_golf_courses.TestGolfCoursesAPI" name="test_golf_course_multilang_descriptions" time="0.114" /><testcase classname="backend.tests.test_golf_courses.TestGolfCoursesAPI" name="test_golf_course_features_is_list" time="0.104" /><testcase classname="backend.tests.test_golf_courses.TestGolfCoursesAPI" name="test_golf_course_has_price" time="0.094" /><testcase classname="backend.tests.test_golf_courses.TestGolfCoursesListAPI" name="test_courses_list_contains_16_courses" time="0.124" /><testcase classname="backend.tests.test_golf_courses.TestGolfCoursesListAPI" name="test_each_course_has_id_and_name" time="0.101" /><testcase classname="backend.tests.test_golf_courses.TestGolfCourseSEOCourses" name="test_seo_course_exists[golf-alcanada]" time="0.114" /><testcase classname="backend.tests.test_golf_courses.TestGolfCourseSEOCourses" name="test_seo_course_exists[golf-son-gual]" time="0.110" /><testcase classname="backend.tests.test_golf_courses.TestGolfCourseSEOCourses" name="test_seo_course_exists[pula-golf-resort]" time="0.098" /><testcase classname="backend.tests.test_golf_courses.TestGolfCourseSEOCourses" name="test_seo_course_exists[son-vida-golf]" time="0.099" /><testcase classname="backend.tests.test_golf_courses.TestGolfCourseSEOCourses" name="test_seo_course_exists[son-muntaner-golf]" time="0.103" /><testcase classname="backend.tests.test_golf_courses.TestGolfCourseSEOCourses" name="test_seo_course_exists[son-quint-golf]" time="0.113" /><testcase classname="backend.tests.test_golf_courses.TestGolfCourseSEOCourses" name="test_seo_course_exists[son-antem-east]" time="0.108" /><testcase classname="backend.tests.test_golf_courses.TestGolfCourseSEOCourses" name="test_seo_course_exists[son-antem-west]" time="0.142" /><testcase classname="backend.tests.test_golf_courses.TestGolfCourseSEOCourses" name="test_seo_course_exists[capdepera-golf]" time="0.110" /><testcase classname="backend.tests.test_golf_courses.TestGolfCourseSEOCourses" name="test_seo_course_exists[golf-santa-ponsa]" time="0.109" /><testcase classname="backend.tests.test_golf_courses.TestGolfCourseSEOCourses" name="test_seo_course_exists[golf-son-servera]" time="0.099" /><testcase classname="backend.tests.test_golf_courses.TestGolfCourseSEOCourses" name="test_seo_course_exists[vall-dor-golf]" time="0.149" /><testcase classname="backend.tests.test_golf_courses.TestGolfCourseSEOCourses" name="test_seo_course_exists[real-golf-bendinat]" time="0.104" /><testcase classname="backend.tests.test_golf_courses.TestGolfCourseSEOCourses" name="test_seo_course_exists[golf-ibiza]" time="0.102" /><testcase classname="backend.tests.test_golf_courses.TestGolfCourseSEOCourses" name="test_seo_course_exists[roca-llisa-ibiza]" time="0.101" /><testcase classname="backend.tests.test_golf_courses.TestGolfCourseSEOCourses" name="test_seo_course_exists[golf-son-parc-menorca]" time="0.115" /></testsuite></testsuites>