<?xml version="1.0" encoding="utf-8"?><testsuites name="pytest tests"><testsuite name="pytest" errors="0" failures="0" skipped="0" tests="26" time="3.285" timestamp="2026-03-22T14:54:20.820814+00:00" hostname="agent-env-7f440ffa-e4e4-4525-b2eb-1d887d0ff875"><testcase classname="backend.tests.test_blog_seo.TestBlogListEndpoint" name="test_blog_list_returns_200" time="0.241" /><testcase classname="backend.tests.test_blog_seo.TestBlogListEndpoint" name="test_blog_list_returns_array" time="0.116" /><testcase classname="backend.tests.test_blog_seo.TestBlogListEndpoint" name="test_blog_posts_have_required_fields" time="0.116" /><testcase classname="backend.tests.test_blog_seo.TestBlogListEndpoint" name="test_blog_posts_have_seo_fields" time="0.106" /><testcase classname="backend.tests.test_blog_seo.TestBlogListEndpoint" name="test_blog_posts_have_cta" time="0.128" /><testcase classname="backend.tests.test_blog_seo.TestBlogListEndpoint" name="test_blog_posts_sorted_by_date_descending" time="0.100" /><testcase classname="backend.tests.test_blog_seo.TestBlogListEndpoint" name="test_blog_filter_by_category" time="0.110" /><testcase classname="backend.tests.test_blog_seo.TestBlogDetailEndpoint" name="test_blog_detail_returns_200" time="0.103" /><testcase classname="backend.tests.test_blog_seo.TestBlogDetailEndpoint" name="test_blog_detail_returns_404_for_invalid_slug" time="0.112" /><testcase classname="backend.tests.test_blog_seo.TestBlogDetailEndpoint" name="test_blog_detail_has_all_seo_fields" time="0.137" /><testcase classname="backend.tests.test_blog_seo.TestBlogDetailEndpoint" name="test_blog_detail_has_cta" time="0.100" /><testcase classname="backend.tests.test_blog_seo.TestBlogDetailEndpoint" name="test_all_blog_slugs_accessible[best-time-golf-mallorca]" time="0.134" /><testcase classname="backend.tests.test_blog_seo.TestBlogDetailEndpoint" name="test_all_blog_slugs_accessible[top-5-courses-beginners]" time="0.098" /><testcase classname="backend.tests.test_blog_seo.TestBlogDetailEndpoint" name="test_all_blog_slugs_accessible[golf-and-gastronomy-mallorca]" time="0.130" /><testcase classname="backend.tests.test_blog_seo.TestBlogDetailEndpoint" name="test_all_blog_slugs_accessible[championship-courses-mallorca]" time="0.107" /><testcase classname="backend.tests.test_blog_seo.TestBlogDetailEndpoint" name="test_all_blog_slugs_accessible[ultimate-golf-guide-mallorca]" time="0.103" /><testcase classname="backend.tests.test_blog_seo.TestBlogDetailEndpoint" name="test_all_blog_slugs_accessible[stay-and-play-golf-packages-mallorca]" time="0.113" /><testcase classname="backend.tests.test_blog_seo.TestBlogDetailEndpoint" name="test_all_blog_slugs_accessible[art-culture-mallorca-golfers]" time="0.146" /><testcase classname="backend.tests.test_blog_seo.TestBlogDetailEndpoint" name="test_all_blog_slugs_accessible[culinary-mallorca-food-guide]" time="0.105" /><testcase classname="backend.tests.test_blog_seo.TestBlogDetailEndpoint" name="test_all_blog_slugs_accessible[cheap-golf-mallorca-budget]" time="0.130" /><testcase classname="backend.tests.test_blog_seo.TestBlogDetailEndpoint" name="test_all_blog_slugs_accessible[golf-near-palma-courses]" time="0.121" /><testcase classname="backend.tests.test_blog_seo.TestBlogDataIntegrity" name="test_all_posts_have_unique_slugs" time="0.143" /><testcase classname="backend.tests.test_blog_seo.TestBlogDataIntegrity" name="test_all_posts_have_valid_images" time="0.125" /><testcase classname="backend.tests.test_blog_seo.TestBlogDataIntegrity" name="test_all_posts_have_valid_categories" time="0.118" /><testcase classname="backend.tests.test_blog_seo.TestBlogDataIntegrity" name="test_meta_descriptions_are_seo_friendly" time="0.103" /><testcase classname="backend.tests.test_blog_seo.TestBlogDataIntegrity" name="test_seo_keywords_are_relevant" time="0.139" /></testsuite></testsuites>