<?xml version="1.0" encoding="utf-8"?><testsuites name="pytest tests"><testsuite name="pytest" errors="0" failures="0" skipped="0" tests="17" time="3.123" timestamp="2026-03-19T16:49:53.531085+00:00" hostname="agent-env-d4bb8744-616b-45ee-8f0a-313d5a18096c"><testcase classname="backend.tests.test_all_partners.TestAllPartnersEndpoint" name="test_all_partners_returns_200" time="0.267" /><testcase classname="backend.tests.test_all_partners.TestAllPartnersEndpoint" name="test_all_partners_has_expected_keys" time="0.201" /><testcase classname="backend.tests.test_all_partners.TestAllPartnersEndpoint" name="test_all_partners_counts" time="0.251" /><testcase classname="backend.tests.test_all_partners.TestNoDuplicates" name="test_no_duplicate_names" time="0.172" /><testcase classname="backend.tests.test_all_partners.TestNoDuplicates" name="test_specific_partners_appear_once" time="0.191" /><testcase classname="backend.tests.test_all_partners.TestNearestGolfData" name="test_hotels_have_nearest_golf" time="0.148" /><testcase classname="backend.tests.test_all_partners.TestNearestGolfData" name="test_restaurants_have_nearest_golf" time="0.193" /><testcase classname="backend.tests.test_all_partners.TestNearestGolfData" name="test_nearest_golf_format" time="0.200" /><testcase classname="backend.tests.test_all_partners.TestNearestGolfData" name="test_lobster_club_has_nearest_golf" time="0.204" /><testcase classname="backend.tests.test_all_partners.TestPartnerDataIntegrity" name="test_hotels_have_required_fields" time="0.176" /><testcase classname="backend.tests.test_all_partners.TestPartnerDataIntegrity" name="test_restaurants_have_required_fields" time="0.187" /><testcase classname="backend.tests.test_all_partners.TestPartnerDataIntegrity" name="test_images_are_not_pexels" time="0.159" /><testcase classname="backend.tests.test_all_partners.TestIndividualEndpoints" name="test_hotels_endpoint" time="0.123" /><testcase classname="backend.tests.test_all_partners.TestIndividualEndpoints" name="test_restaurants_endpoint" time="0.136" /><testcase classname="backend.tests.test_all_partners.TestIndividualEndpoints" name="test_cafe_bars_endpoint" time="0.136" /><testcase classname="backend.tests.test_all_partners.TestIndividualEndpoints" name="test_beach_clubs_endpoint" time="0.139" /><testcase classname="backend.tests.test_all_partners.TestIndividualEndpoints" name="test_golf_courses_endpoint" time="0.169" /></testsuite></testsuites>