<?xml version="1.0" encoding="utf-8"?><testsuites name="pytest tests"><testsuite name="pytest" errors="0" failures="0" skipped="0" tests="19" time="2.452" timestamp="2026-03-31T11:47:28.194103+00:00" hostname="agent-env-046214ef-f093-4540-bff4-62333e466dea"><testcase classname="backend.tests.test_price_filter_inactive.TestAllPartnersEndpoint" name="test_all_partners_returns_200" time="0.180" /><testcase classname="backend.tests.test_price_filter_inactive.TestAllPartnersEndpoint" name="test_all_partners_returns_59_hotels" time="0.132" /><testcase classname="backend.tests.test_price_filter_inactive.TestAllPartnersEndpoint" name="test_all_partners_hotels_have_is_active_field" time="0.157" /><testcase classname="backend.tests.test_price_filter_inactive.TestAllPartnersEndpoint" name="test_all_partners_returns_restaurants" time="0.122" /><testcase classname="backend.tests.test_price_filter_inactive.TestAllPartnersEndpoint" name="test_all_partners_returns_beach_clubs" time="0.121" /><testcase classname="backend.tests.test_price_filter_inactive.TestAllPartnersEndpoint" name="test_all_partners_returns_cafe_bars" time="0.128" /><testcase classname="backend.tests.test_price_filter_inactive.TestHotelPriceData" name="test_hotels_under_200_count" time="0.140" /><testcase classname="backend.tests.test_price_filter_inactive.TestHotelPriceData" name="test_hotels_200_to_400_count" time="0.140" /><testcase classname="backend.tests.test_price_filter_inactive.TestHotelPriceData" name="test_hotels_over_400_count" time="0.127" /><testcase classname="backend.tests.test_price_filter_inactive.TestHotelPriceData" name="test_new_hotels_have_offer_price" time="0.125" /><testcase classname="backend.tests.test_price_filter_inactive.TestHotelPriceData" name="test_old_hotels_have_discount_percent" time="0.124" /><testcase classname="backend.tests.test_price_filter_inactive.TestSearchEndpoint" name="test_search_returns_200" time="0.109" /><testcase classname="backend.tests.test_price_filter_inactive.TestSearchEndpoint" name="test_search_steigenberger_returns_result" time="0.101" /><testcase classname="backend.tests.test_price_filter_inactive.TestSearchEndpoint" name="test_search_steigenberger_has_booking_url" time="0.109" /><testcase classname="backend.tests.test_price_filter_inactive.TestSearchEndpoint" name="test_search_returns_only_active_partners" time="0.125" /><testcase classname="backend.tests.test_price_filter_inactive.TestSearchEndpoint" name="test_search_hotel_results_have_booking_url" time="0.100" /><testcase classname="backend.tests.test_price_filter_inactive.TestInactivePartners" name="test_all_partners_includes_inactive" time="0.120" /><testcase classname="backend.tests.test_price_filter_inactive.TestInactivePartners" name="test_hotels_endpoint_filters_inactive_by_default" time="0.128" /><testcase classname="backend.tests.test_price_filter_inactive.TestInactivePartners" name="test_hotels_endpoint_include_inactive_param" time="0.108" /></testsuite></testsuites>