<?xml version="1.0" encoding="utf-8"?><testsuites name="pytest tests"><testsuite name="pytest" errors="0" failures="0" skipped="0" tests="8" time="1.836" timestamp="2026-03-31T14:15:26.587446+00:00" hostname="agent-env-19b2fd59-7604-42d1-ad74-f48b62764b20"><testcase classname="backend.tests.test_hotels_tab.TestHotelsTabAPI" name="test_get_hotels_with_include_inactive_returns_all" time="0.275" /><testcase classname="backend.tests.test_hotels_tab.TestHotelsTabAPI" name="test_get_hotels_without_include_inactive_returns_active_only" time="0.135" /><testcase classname="backend.tests.test_hotels_tab.TestHotelsTabAPI" name="test_active_inactive_counts" time="0.205" /><testcase classname="backend.tests.test_hotels_tab.TestHotelsTabAPI" name="test_inactive_hotels_are_correct" time="0.137" /><testcase classname="backend.tests.test_hotels_tab.TestHotelToggleAPI" name="test_put_hotel_deactivate" time="0.449" /><testcase classname="backend.tests.test_hotels_tab.TestHotelToggleAPI" name="test_put_hotel_activate" time="0.341" /><testcase classname="backend.tests.test_hotels_tab.TestHotelToggleAPI" name="test_put_nonexistent_hotel_returns_404" time="0.110" /><testcase classname="backend.tests.test_hotels_tab.TestHotelsDataStructure" name="test_hotels_have_required_fields" time="0.124" /></testsuite></testsuites>