<?xml version="1.0" encoding="utf-8"?><testsuites name="pytest tests"><testsuite name="pytest" errors="0" failures="0" skipped="0" tests="15" time="2.441" timestamp="2026-03-20T12:42:24.108828+00:00" hostname="agent-env-d4bb8744-616b-45ee-8f0a-313d5a18096c"><testcase classname="backend.tests.test_trip_planner.TestTripPlannerAPI" name="test_create_trip_request_success" time="0.189" /><testcase classname="backend.tests.test_trip_planner.TestTripPlannerAPI" name="test_create_trip_request_minimal_fields" time="0.140" /><testcase classname="backend.tests.test_trip_planner.TestTripPlannerAPI" name="test_create_trip_request_all_services" time="0.129" /><testcase classname="backend.tests.test_trip_planner.TestTripPlannerAPI" name="test_create_trip_request_single_service_hotel" time="0.122" /><testcase classname="backend.tests.test_trip_planner.TestTripPlannerAPI" name="test_create_trip_request_single_service_restaurant" time="0.134" /><testcase classname="backend.tests.test_trip_planner.TestTripPlannerAPI" name="test_create_trip_request_single_service_beach_club" time="0.123" /><testcase classname="backend.tests.test_trip_planner.TestTripPlannerAPI" name="test_get_trip_requests_returns_list" time="0.127" /><testcase classname="backend.tests.test_trip_planner.TestTripPlannerAPI" name="test_get_trip_requests_contains_required_fields" time="0.150" /><testcase classname="backend.tests.test_trip_planner.TestTripPlannerAPI" name="test_create_and_verify_persistence" time="0.298" /><testcase classname="backend.tests.test_trip_planner.TestTripPlannerAPI" name="test_invalid_email_format" time="0.128" /><testcase classname="backend.tests.test_trip_planner.TestTripPlannerAPI" name="test_missing_required_field_name" time="0.122" /><testcase classname="backend.tests.test_trip_planner.TestTripPlannerAPI" name="test_missing_required_field_services" time="0.138" /><testcase classname="backend.tests.test_trip_planner.TestTripPlannerAPI" name="test_group_size_boundaries" time="0.255" /><testcase classname="backend.tests.test_trip_planner.TestAllPartnersForTripPlanner" name="test_all_partners_endpoint" time="0.149" /><testcase classname="backend.tests.test_trip_planner.TestAllPartnersForTripPlanner" name="test_michelin_restaurants_available" time="0.156" /></testsuite></testsuites>