<?xml version="1.0" encoding="utf-8"?><testsuites name="pytest tests"><testsuite name="pytest" errors="0" failures="0" skipped="0" tests="12" time="1.927" timestamp="2026-04-04T20:02:22.719588+00:00" hostname="agent-env-19b2fd59-7604-42d1-ad74-f48b62764b20"><testcase classname="backend.tests.test_hotel_booking_and_features.TestHotelBookingAPI" name="test_hotel_booking_without_time" time="0.242" /><testcase classname="backend.tests.test_hotel_booking_and_features.TestHotelBookingAPI" name="test_hotel_booking_with_checkout_date" time="0.152" /><testcase classname="backend.tests.test_hotel_booking_and_features.TestHotelBookingAPI" name="test_hotel_booking_empty_time" time="0.107" /><testcase classname="backend.tests.test_hotel_booking_and_features.TestRestaurantBookingStillWorks" name="test_restaurant_booking_with_all_fields" time="0.187" /><testcase classname="backend.tests.test_hotel_booking_and_features.TestRestaurantBookingStillWorks" name="test_beach_club_booking_with_time" time="0.164" /><testcase classname="backend.tests.test_hotel_booking_and_features.TestBlogEndpoints" name="test_blog_list_endpoint" time="0.173" /><testcase classname="backend.tests.test_hotel_booking_and_features.TestBlogEndpoints" name="test_blog_post_by_slug" time="0.232" /><testcase classname="backend.tests.test_hotel_booking_and_features.TestHotelsEndpoint" name="test_hotels_list" time="0.130" /><testcase classname="backend.tests.test_hotel_booking_and_features.TestHotelsEndpoint" name="test_hotels_have_required_fields" time="0.116" /><testcase classname="backend.tests.test_hotel_booking_and_features.TestAPIHealth" name="test_api_root" time="0.123" /><testcase classname="backend.tests.test_hotel_booking_and_features.TestAPIHealth" name="test_restaurants_endpoint" time="0.124" /><testcase classname="backend.tests.test_hotel_booking_and_features.TestAPIHealth" name="test_beach_clubs_endpoint" time="0.111" /></testsuite></testsuites>